{"name": "test_001_invalid_login_empty_fields", "status": "failed", "statusDetails": {"message": "AssertionError: expected 'Make Appointment' but got Login failed! Please ensure the username and password are valid.\nassert 'Login failed...rd are valid.' == 'Make Appointment'\n  \n  - Make Appointment\n  + Login failed! Please ensure the username and password are valid.", "trace": "self = <tests.test_suite.TestLoginSuite object at 0x107151b20>\n\n    @pytest.mark.order(1)\n    @pytest.mark.smoke\n    def test_001_invalid_login_empty_fields(self):\n        home_page = HomePage(self.driver, self.wait)  ### homepage initialization\n        home_page.click_make_appointment_button()\n        login_page = LoginPage(self.driver, self.wait)  ## loginpage initialization\n    \n        h2_tag = self.driver.find_element(By.TAG_NAME, 'h2')  # checking to make login indeed showed up as a title\n        assert h2_tag.text == \"Login\", f\"Expected 'Login', but got {h2_tag.text}\"\n        time.sleep(3)\n        ##### starting to enter login information\n        login_page.click_username_field(\"\")\n        login_page.click_password_field(\"\")\n        time.sleep(2)\n        time.sleep(2)\n        login_page.click_login_button()\n        time.sleep(6)\n        h2_tag_2 = self.driver.find_element(By.CSS_SELECTOR, '.lead.text-danger')  ## locating the second element\n>       assert h2_tag_2.text == \"Make Appointment\", f\"expected 'Make Appointment' but got {h2_tag_2.text}\"\nE       AssertionError: expected 'Make Appointment' but got Login failed! Please ensure the username and password are valid.\nE       assert 'Login failed...rd are valid.' == 'Make Appointment'\nE         \nE         - Make Appointment\nE         + Login failed! Please ensure the username and password are valid.\n\ntests/test_suite.py:34: AssertionError"}, "start": 1744256941556, "stop": 1744256955012, "uuid": "23b491e3-d958-476c-a94b-67bfc4d7c76d", "historyId": "fd921ab84af30717f667508af4fe2737", "testCaseId": "fd921ab84af30717f667508af4fe2737", "fullName": "tests.test_suite.TestLoginSuite#test_001_invalid_login_empty_fields", "labels": [{"name": "tag", "value": "smoke"}, {"name": "tag", "value": "order(1)"}, {"name": "tag", "value": "@pytest.mark.usefixtures('setup_driver')"}, {"name": "tag", "value": "dependency"}, {"name": "parentSuite", "value": "tests"}, {"name": "suite", "value": "test_suite"}, {"name": "subSuite", "value": "TestLoginSuite"}, {"name": "host", "value": "tinos-MBP14"}, {"name": "thread", "value": "19897-MainThread"}, {"name": "framework", "value": "pytest"}, {"name": "language", "value": "cpython3"}, {"name": "package", "value": "tests.test_suite"}]}