{"name": "test_005_invalid_appointment_scheduling_no_calender_selected", "status": "failed", "statusDetails": {"message": "AssertionError: expected 'Appointment Confirmation' but got Make Appointment\nassert 'Make Appointment' == 'Appointment Confirmation'\n  \n  - Appointment Confirmation\n  + Make Appointment", "trace": "self = <tests.test_suite.TestLoginSuite object at 0x107152030>\n\n    @pytest.mark.smoke\n    @pytest.mark.order(5)\n    @pytest.mark.dependency(depends=[\"valid_login\"])\n    def test_005_invalid_appointment_scheduling_no_calender_selected(self):\n        appointment = AppointmentPage(self.driver, self.wait)\n        self.driver.refresh()\n        appointment.click_facility_dropdown()\n        time.sleep(4)\n        appointment.select_apply_for_hospital_readmission_checkmark()\n        appointment.click_medicare_radio_button()\n        ##appointment.calendar(\"08/04/2025\")\n        appointment.write_in_comment_box(\"hello my name is tino i would like to schedule an appointment\")\n        time.sleep(4)\n        appointment.click_book_appointment()\n        time.sleep(5)\n        h2_tag_6 = self.driver.find_element(By.TAG_NAME, 'h2') ## select a locator for text on top of page\n>       assert h2_tag_6.text == \"Appointment Confirmation\", f\"expected 'Appointment Confirmation' but got {h2_tag_6.text}\"\nE       AssertionError: expected 'Appointment Confirmation' but got Make Appointment\nE       assert 'Make Appointment' == 'Appointment Confirmation'\nE         \nE         - Appointment Confirmation\nE         + Make Appointment\n\ntests/test_suite.py:116: AssertionError"}, "attachments": [{"name": "stdout", "source": "464f976b-088b-4f33-b27f-9e3f7090ee35-attachment.txt", "type": "text/plain"}], "start": 1744256993887, "stop": 1744257007252, "uuid": "2af6a26d-25c0-4a75-97b6-d106fcf20066", "historyId": "35f3e1733338a7f91eb2eba78f72050f", "testCaseId": "35f3e1733338a7f91eb2eba78f72050f", "fullName": "tests.test_suite.TestLoginSuite#test_005_invalid_appointment_scheduling_no_calender_selected", "labels": [{"name": "tag", "value": "dependency(depends=['valid_login'])"}, {"name": "tag", "value": "order(5)"}, {"name": "tag", "value": "smoke"}, {"name": "tag", "value": "@pytest.mark.usefixtures('setup_driver')"}, {"name": "parentSuite", "value": "tests"}, {"name": "suite", "value": "test_suite"}, {"name": "subSuite", "value": "TestLoginSuite"}, {"name": "host", "value": "tinos-MBP14"}, {"name": "thread", "value": "19897-MainThread"}, {"name": "framework", "value": "pytest"}, {"name": "language", "value": "cpython3"}, {"name": "package", "value": "tests.test_suite"}]}